<?xml version="1.0" encoding="UTF-8"?>
<!-- Generated by org.testng.reporters.JUnitXMLReporter -->
<testsuite hostname="Mohits-MacBook-Pro.local" ignored="0" name="Default test" tests="4" failures="0" timestamp="03 Jun 2020 22:52:59 GMT" time="45.306" errors="0">
  <testcase name="login" time="0.007" classname="automationTestNG.DataProvider_Demo"/>
  <testcase name="login" time="0.002" classname="automationTestNG.DataProvider_Demo"/>
  <testcase name="validatingTrainerInfo" time="0.001" classname="automationTestNG.DataProvider_Demo"/>
  <testcase name="validatingTrainerInfo" time="0.001" classname="automationTestNG.DataProvider_Demo"/>
</testsuite> <!-- Default test -->
