<?xml version="1.0" encoding="UTF-8"?>
<!-- Generated by org.testng.reporters.JUnitXMLReporter -->
<testsuite hostname="Mohits-MacBook-Pro.local" ignored="1" name="Home_Test" tests="1" failures="0" timestamp="10 Jun 2020 22:37:25 GMT" time="0.018" errors="0">
  <testcase name="TC_Home_01" time="0.004" classname="automationTestNG.TC_Home_Group"/>
  <testcase name="TC_Home_02" time="0.0" classname="automationTestNG.TC_Home_Group">
    <ignored/>
  </testcase> <!-- TC_Home_02 -->
</testsuite> <!-- Home_Test -->
