<?xml version="1.0" encoding="UTF-8"?>
<!-- Generated by org.testng.reporters.JUnitXMLReporter -->
<testsuite hostname="Mohits-MacBook-Pro.local" ignored="2" name="Login_Test" tests="2" failures="0" timestamp="10 Jun 2020 22:36:58 GMT" time="0.009" errors="0">
  <testcase name="TC_Login_02" time="0.003" classname="automationTestNG.TC_login_Group"/>
  <testcase name="TC_Login_03" time="0.002" classname="automationTestNG.TC_login_Group"/>
  <testcase name="TC_Login_01" time="0.0" classname="automationTestNG.TC_login_Group">
    <ignored/>
  </testcase> <!-- TC_Login_01 -->
  <testcase name="TC_Login_04" time="0.0" classname="automationTestNG.TC_login_Group">
    <ignored/>
  </testcase> <!-- TC_Login_04 -->
</testsuite> <!-- Login_Test -->
