<?xml version="1.0" encoding="UTF-8"?>
<!-- Generated by org.testng.reporters.JUnitXMLReporter -->
<testsuite hostname="Mohits-MacBook-Pro.local" ignored="3" name="Login_Test" tests="1" failures="0" timestamp="29 May 2020 22:36:20 GMT" time="0.006" errors="0">
  <testcase name="Login_01" time="0.001" classname="automationTestNG.TC_login"/>
  <testcase name="Login_03" time="0.0" classname="automationTestNG.TC_login">
    <ignored/>
  </testcase> <!-- Login_03 -->
  <testcase name="Login_02" time="0.0" classname="automationTestNG.TC_login">
    <ignored/>
  </testcase> <!-- Login_02 -->
  <testcase name="Login_04" time="0.0" classname="automationTestNG.TC_login">
    <ignored/>
  </testcase> <!-- Login_04 -->
</testsuite> <!-- Login_Test -->
